# JRE version: OpenJDK Runtime Environment GraalVM CE 22.3.0 (17.0.5+8) (build 17.0.5+8-jvmci-22.3-b08)
# Java VM: OpenJDK 64-Bit Server VM GraalVM CE 22.3.0 (17.0.5+8-jvmci-22.3-b08, mixed mode, sharing, tiered, jvmci, jvmci compiler, compressed oops, compressed class ptrs, parallel gc, linux-amd64)
GC Precious Log:
 CPUs: 16 total, 2 available
 Memory: 3215M
 Large Page Support: Disabled
 NUMA Support: Disabled
 Compressed Oops: Enabled (32-bit)
 Alignments: Space 512K, Generation 512K, Heap 2M
 Heap Min Capacity: 100M
 Heap Initial Capacity: 100M
 Heap Max Capacity: 512M
 Pre-touch: Disabled
 Parallel Workers: 2
Heap:
 PSYoungGen      total 33792K, used 25599K [0x00000000f5580000, 0x00000000f7f80000, 0x0000000100000000)
  eden space 25600K, 99% used [0x00000000f5580000,0x00000000f6e7fff0,0x00000000f6e80000)
  from space 8192K, 0% used [0x00000000f7680000,0x00000000f7680000,0x00000000f7e80000)
  to   space 8192K, 0% used [0x00000000f6e80000,0x00000000f6e80000,0x00000000f7680000)
 ParOldGen       total 349696K, used 349695K [0x00000000e0000000, 0x00000000f5580000, 0x00000000f5580000)
  object space 349696K, 99% used [0x00000000e0000000,0x00000000f557ffb0,0x00000000f5580000)
 Metaspace       used 48852K, committed 49600K, reserved 1097728K
  class space    used 4754K, committed 5056K, reserved 1048576K
GC Heap History (20 events):
Event: 897.323 GC heap before
{Heap before GC invocations=1751 (full 1663):
 PSYoungGen      total 33792K, used 25599K [0x00000000f5580000, 0x00000000f7f80000, 0x0000000100000000)
  eden space 25600K, 99% used [0x00000000f5580000,0x00000000f6e7fff0,0x00000000f6e80000)
  from space 8192K, 0% used [0x00000000f7680000,0x00000000f7680000,0x00000000f7e80000)
  to   space 8192K, 0% used [0x00000000f6e80000,0x00000000f6e80000,0x00000000f7680000)
 ParOldGen       total 349696K, used 349695K [0x00000000e0000000, 0x00000000f5580000, 0x00000000f5580000)
  object space 349696K, 99% used [0x00000000e0000000,0x00000000f557ffd8,0x00000000f5580000)
 Metaspace       used 48852K, committed 49600K, reserved 1097728K
  class space    used 4754K, committed 5056K, reserved 1048576K
}
Event: 897.734 GC heap after
{Heap after GC invocations=1751 (full 1663):
 PSYoungGen      total 33792K, used 25599K [0x00000000f5580000, 0x00000000f7f80000, 0x0000000100000000)
  eden space 25600K, 99% used [0x00000000f5580000,0x00000000f6e7ffd0,0x00000000f6e80000)
  from space 8192K, 0% used [0x00000000f6e80000,0x00000000f6e80000,0x00000000f7680000)
  to   space 8192K, 0% used [0x00000000f7680000,0x00000000f7680000,0x00000000f7e80000)
 ParOldGen       total 349696K, used 349695K [0x00000000e0000000, 0x00000000f5580000, 0x00000000f5580000)
  object space 349696K, 99% used [0x00000000e0000000,0x00000000f557ffd8,0x00000000f5580000)
 Metaspace       used 48852K, committed 49600K, reserved 1097728K
  class space    used 4754K, committed 5056K, reserved 1048576K
}
Event: 897.734 GC heap before
{Heap before GC invocations=1752 (full 1664):
 PSYoungGen      total 33792K, used 25599K [0x00000000f5580000, 0x00000000f7f80000, 0x0000000100000000)
  eden space 25600K, 99% used [0x00000000f5580000,0x00000000f6e7ffd0,0x00000000f6e80000)
  from space 8192K, 0% used [0x00000000f6e80000,0x00000000f6e80000,0x00000000f7680000)
  to   space 8192K, 0% used [0x00000000f7680000,0x00000000f7680000,0x00000000f7e80000)
 ParOldGen       total 349696K, used 349695K [0x00000000e0000000, 0x00000000f5580000, 0x00000000f5580000)
  object space 349696K, 99% used [0x00000000e0000000,0x00000000f557ffd8,0x00000000f5580000)
 Metaspace       used 48852K, committed 49600K, reserved 1097728K
  class space    used 4754K, committed 5056K, reserved 1048576K
}
Event: 898.132 GC heap after
{Heap after GC invocations=1752 (full 1664):
 PSYoungGen      total 33792K, used 25599K [0x00000000f5580000, 0x00000000f7f80000, 0x0000000100000000)
  eden space 25600K, 99% used [0x00000000f5580000,0x00000000f6e7ffd0,0x00000000f6e80000)
  from space 8192K, 0% used [0x00000000f7680000,0x00000000f7680000,0x00000000f7e80000)
  to   space 8192K, 0% used [0x00000000f6e80000,0x00000000f6e80000,0x00000000f7680000)
 ParOldGen       total 349696K, used 349695K [0x00000000e0000000, 0x00000000f5580000, 0x00000000f5580000)
  object space 349696K, 99% used [0x00000000e0000000,0x00000000f557ffd8,0x00000000f5580000)
 Metaspace       used 48852K, committed 49600K, reserved 1097728K
  class space    used 4754K, committed 5056K, reserved 1048576K
}
Event: 898.133 GC heap before
{Heap before GC invocations=1753 (full 1665):
 PSYoungGen      total 33792K, used 25599K [0x00000000f5580000, 0x00000000f7f80000, 0x0000000100000000)
  eden space 25600K, 99% used [0x00000000f5580000,0x00000000f6e7ffe8,0x00000000f6e80000)
  from space 8192K, 0% used [0x00000000f7680000,0x00000000f7680000,0x00000000f7e80000)
  to   space 8192K, 0% used [0x00000000f6e80000,0x00000000f6e80000,0x00000000f7680000)
 ParOldGen       total 349696K, used 349695K [0x00000000e0000000, 0x00000000f5580000, 0x00000000f5580000)
  object space 349696K, 99% used [0x00000000e0000000,0x00000000f557ffd8,0x00000000f5580000)
 Metaspace       used 48852K, committed 49600K, reserved 1097728K
  class space    used 4754K, committed 5056K, reserved 1048576K
}
Event: 898.546 GC heap after
{Heap after GC invocations=1753 (full 1665):
 PSYoungGen      total 33792K, used 25599K [0x00000000f5580000, 0x00000000f7f80000, 0x0000000100000000)
  eden space 25600K, 99% used [0x00000000f5580000,0x00000000f6e7ffe8,0x00000000f6e80000)
  from space 8192K, 0% used [0x00000000f6e80000,0x00000000f6e80000,0x00000000f7680000)
  to   space 8192K, 0% used [0x00000000f7680000,0x00000000f7680000,0x00000000f7e80000)
 ParOldGen       total 349696K, used 349695K [0x00000000e0000000, 0x00000000f5580000, 0x00000000f5580000)
  object space 349696K, 99% used [0x00000000e0000000,0x00000000f557fd20,0x00000000f5580000)
 Metaspace       used 48852K, committed 49600K, reserved 1097728K
  class space    used 4754K, committed 5056K, reserved 1048576K
}
Event: 898.546 GC heap before
{Heap before GC invocations=1754 (full 1666):
 PSYoungGen      total 33792K, used 25600K [0x00000000f5580000, 0x00000000f7f80000, 0x0000000100000000)
  eden space 25600K, 100% used [0x00000000f5580000,0x00000000f6e80000,0x00000000f6e80000)
  from space 8192K, 0% used [0x00000000f6e80000,0x00000000f6e80000,0x00000000f7680000)
  to   space 8192K, 0% used [0x00000000f7680000,0x00000000f7680000,0x00000000f7e80000)
 ParOldGen       total 349696K, used 349695K [0x00000000e0000000, 0x00000000f5580000, 0x00000000f5580000)
  object space 349696K, 99% used [0x00000000e0000000,0x00000000f557ffe8,0x00000000f5580000)
 Metaspace       used 48852K, committed 49600K, reserved 1097728K
  class space    used 4754K, committed 5056K, reserved 1048576K
}
Event: 898.985 GC heap after
{Heap after GC invocations=1754 (full 1666):
 PSYoungGen      total 33792K, used 25599K [0x00000000f5580000, 0x00000000f7f80000, 0x0000000100000000)
  eden space 25600K, 99% used [0x00000000f5580000,0x00000000f6e7ffd0,0x00000000f6e80000)
  from space 8192K, 0% used [0x00000000f7680000,0x00000000f7680000,0x00000000f7e80000)
  to   space 8192K, 0% used [0x00000000f6e80000,0x00000000f6e80000,0x00000000f7680000)
 ParOldGen       total 349696K, used 349695K [0x00000000e0000000, 0x00000000f5580000, 0x00000000f5580000)
  object space 349696K, 99% used [0x00000000e0000000,0x00000000f557fde0,0x00000000f5580000)
 Metaspace       used 48852K, committed 49600K, reserved 1097728K
  class space    used 4754K, committed 5056K, reserved 1048576K
}
Event: 898.985 GC heap before
{Heap before GC invocations=1755 (full 1667):
 PSYoungGen      total 33792K, used 25600K [0x00000000f5580000, 0x00000000f7f80000, 0x0000000100000000)
  eden space 25600K, 100% used [0x00000000f5580000,0x00000000f6e80000,0x00000000f6e80000)
  from space 8192K, 0% used [0x00000000f7680000,0x00000000f7680000,0x00000000f7e80000)
  to   space 8192K, 0% used [0x00000000f6e80000,0x00000000f6e80000,0x00000000f7680000)
 ParOldGen       total 349696K, used 349695K [0x00000000e0000000, 0x00000000f5580000, 0x00000000f5580000)
  object space 349696K, 99% used [0x00000000e0000000,0x00000000f557fff8,0x00000000f5580000)
 Metaspace       used 48852K, committed 49600K, reserved 1097728K
  class space    used 4754K, committed 5056K, reserved 1048576K
}
Event: 899.377 GC heap after
{Heap after GC invocations=1755 (full 1667):
 PSYoungGen      total 33792K, used 25599K [0x00000000f5580000, 0x00000000f7f80000, 0x0000000100000000)
  eden space 25600K, 99% used [0x00000000f5580000,0x00000000f6e7ffa0,0x00000000f6e80000)
  from space 8192K, 0% used [0x00000000f6e80000,0x00000000f6e80000,0x00000000f7680000)
  to   space 8192K, 0% used [0x00000000f7680000,0x00000000f7680000,0x00000000f7e80000)
 ParOldGen       total 349696K, used 349695K [0x00000000e0000000, 0x00000000f5580000, 0x00000000f5580000)
  object space 349696K, 99% used [0x00000000e0000000,0x00000000f557fda8,0x00000000f5580000)
 Metaspace       used 48852K, committed 49600K, reserved 1097728K
  class space    used 4754K, committed 5056K, reserved 1048576K
}
Event: 899.377 GC heap before
{Heap before GC invocations=1756 (full 1668):
 PSYoungGen      total 33792K, used 25600K [0x00000000f5580000, 0x00000000f7f80000, 0x0000000100000000)
  eden space 25600K, 100% used [0x00000000f5580000,0x00000000f6e80000,0x00000000f6e80000)
  from space 8192K, 0% used [0x00000000f6e80000,0x00000000f6e80000,0x00000000f7680000)
  to   space 8192K, 0% used [0x00000000f7680000,0x00000000f7680000,0x00000000f7e80000)
 ParOldGen       total 349696K, used 349695K [0x00000000e0000000, 0x00000000f5580000, 0x00000000f5580000)
  object space 349696K, 99% used [0x00000000e0000000,0x00000000f557fda8,0x00000000f5580000)
 Metaspace       used 48852K, committed 49600K, reserved 1097728K
  class space    used 4754K, committed 5056K, reserved 1048576K
}
Event: 899.806 GC heap after
{Heap after GC invocations=1756 (full 1668):
 PSYoungGen      total 33792K, used 25599K [0x00000000f5580000, 0x00000000f7f80000, 0x0000000100000000)
  eden space 25600K, 99% used [0x00000000f5580000,0x00000000f6e7ffe0,0x00000000f6e80000)
  from space 8192K, 0% used [0x00000000f7680000,0x00000000f7680000,0x00000000f7e80000)
  to   space 8192K, 0% used [0x00000000f6e80000,0x00000000f6e80000,0x00000000f7680000)
 ParOldGen       total 349696K, used 349695K [0x00000000e0000000, 0x00000000f5580000, 0x00000000f5580000)
  object space 349696K, 99% used [0x00000000e0000000,0x00000000f557fd70,0x00000000f5580000)
 Metaspace       used 48852K, committed 49600K, reserved 1097728K
  class space    used 4754K, committed 5056K, reserved 1048576K
}
Event: 899.806 GC heap before
{Heap before GC invocations=1757 (full 1669):
 PSYoungGen      total 33792K, used 25599K [0x00000000f5580000, 0x00000000f7f80000, 0x0000000100000000)
  eden space 25600K, 99% used [0x00000000f5580000,0x00000000f6e7fff8,0x00000000f6e80000)
  from space 8192K, 0% used [0x00000000f7680000,0x00000000f7680000,0x00000000f7e80000)
  to   space 8192K, 0% used [0x00000000f6e80000,0x00000000f6e80000,0x00000000f7680000)
 ParOldGen       total 349696K, used 349695K [0x00000000e0000000, 0x00000000f5580000, 0x00000000f5580000)
  object space 349696K, 99% used [0x00000000e0000000,0x00000000f557fd70,0x00000000f5580000)
 Metaspace       used 48852K, committed 49600K, reserved 1097728K
  class space    used 4754K, committed 5056K, reserved 1048576K
}
Event: 900.199 GC heap after
{Heap after GC invocations=1757 (full 1669):
 PSYoungGen      total 33792K, used 25599K [0x00000000f5580000, 0x00000000f7f80000, 0x0000000100000000)
  eden space 25600K, 99% used [0x00000000f5580000,0x00000000f6e7ffd8,0x00000000f6e80000)
  from space 8192K, 0% used [0x00000000f6e80000,0x00000000f6e80000,0x00000000f7680000)
  to   space 8192K, 0% used [0x00000000f7680000,0x00000000f7680000,0x00000000f7e80000)
 ParOldGen       total 349696K, used 349695K [0x00000000e0000000, 0x00000000f5580000, 0x00000000f5580000)
  object space 349696K, 99% used [0x00000000e0000000,0x00000000f557fd70,0x00000000f5580000)
 Metaspace       used 48852K, committed 49600K, reserved 1097728K
  class space    used 4754K, committed 5056K, reserved 1048576K
}
Event: 900.200 GC heap before
{Heap before GC invocations=1758 (full 1670):
 PSYoungGen      total 33792K, used 25599K [0x00000000f5580000, 0x00000000f7f80000, 0x0000000100000000)
  eden space 25600K, 99% used [0x00000000f5580000,0x00000000f6e7fff0,0x00000000f6e80000)
  from space 8192K, 0% used [0x00000000f6e80000,0x00000000f6e80000,0x00000000f7680000)
  to   space 8192K, 0% used [0x00000000f7680000,0x00000000f7680000,0x00000000f7e80000)
 ParOldGen       total 349696K, used 349695K [0x00000000e0000000, 0x00000000f5580000, 0x00000000f5580000)
  object space 349696K, 99% used [0x00000000e0000000,0x00000000f557fd70,0x00000000f5580000)
 Metaspace       used 48852K, committed 49600K, reserved 1097728K
  class space    used 4754K, committed 5056K, reserved 1048576K
}
Event: 900.624 GC heap after
{Heap after GC invocations=1758 (full 1670):
 PSYoungGen      total 33792K, used 25599K [0x00000000f5580000, 0x00000000f7f80000, 0x0000000100000000)
  eden space 25600K, 99% used [0x00000000f5580000,0x00000000f6e7fff0,0x00000000f6e80000)
  from space 8192K, 0% used [0x00000000f7680000,0x00000000f7680000,0x00000000f7e80000)
  to   space 8192K, 0% used [0x00000000f6e80000,0x00000000f6e80000,0x00000000f7680000)
 ParOldGen       total 349696K, used 349695K [0x00000000e0000000, 0x00000000f5580000, 0x00000000f5580000)
  object space 349696K, 99% used [0x00000000e0000000,0x00000000f557fd70,0x00000000f5580000)
 Metaspace       used 48852K, committed 49600K, reserved 1097728K
  class space    used 4754K, committed 5056K, reserved 1048576K
}
Event: 900.625 GC heap before
{Heap before GC invocations=1759 (full 1671):
 PSYoungGen      total 33792K, used 25600K [0x00000000f5580000, 0x00000000f7f80000, 0x0000000100000000)
  eden space 25600K, 100% used [0x00000000f5580000,0x00000000f6e80000,0x00000000f6e80000)
  from space 8192K, 0% used [0x00000000f7680000,0x00000000f7680000,0x00000000f7e80000)
  to   space 8192K, 0% used [0x00000000f6e80000,0x00000000f6e80000,0x00000000f7680000)
 ParOldGen       total 349696K, used 349695K [0x00000000e0000000, 0x00000000f5580000, 0x00000000f5580000)
  object space 349696K, 99% used [0x00000000e0000000,0x00000000f557fe40,0x00000000f5580000)
 Metaspace       used 48852K, committed 49600K, reserved 1097728K
  class space    used 4754K, committed 5056K, reserved 1048576K
}
Event: 901.067 GC heap after
{Heap after GC invocations=1759 (full 1671):
 PSYoungGen      total 33792K, used 25599K [0x00000000f5580000, 0x00000000f7f80000, 0x0000000100000000)
  eden space 25600K, 99% used [0x00000000f5580000,0x00000000f6e7fff0,0x00000000f6e80000)
  from space 8192K, 0% used [0x00000000f6e80000,0x00000000f6e80000,0x00000000f7680000)
  to   space 8192K, 0% used [0x00000000f7680000,0x00000000f7680000,0x00000000f7e80000)
 ParOldGen       total 349696K, used 349695K [0x00000000e0000000, 0x00000000f5580000, 0x00000000f5580000)
  object space 349696K, 99% used [0x00000000e0000000,0x00000000f557fda0,0x00000000f5580000)
 Metaspace       used 48852K, committed 49600K, reserved 1097728K
  class space    used 4754K, committed 5056K, reserved 1048576K
}
Event: 901.067 GC heap before
{Heap before GC invocations=1760 (full 1672):
 PSYoungGen      total 33792K, used 25599K [0x00000000f5580000, 0x00000000f7f80000, 0x0000000100000000)
  eden space 25600K, 99% used [0x00000000f5580000,0x00000000f6e7fff0,0x00000000f6e80000)
  from space 8192K, 0% used [0x00000000f6e80000,0x00000000f6e80000,0x00000000f7680000)
  to   space 8192K, 0% used [0x00000000f7680000,0x00000000f7680000,0x00000000f7e80000)
 ParOldGen       total 349696K, used 349695K [0x00000000e0000000, 0x00000000f5580000, 0x00000000f5580000)
  object space 349696K, 99% used [0x00000000e0000000,0x00000000f557fda0,0x00000000f5580000)
 Metaspace       used 48852K, committed 49600K, reserved 1097728K
  class space    used 4754K, committed 5056K, reserved 1048576K
}
Event: 901.515 GC heap after
{Heap after GC invocations=1760 (full 1672):
 PSYoungGen      total 33792K, used 25599K [0x00000000f5580000, 0x00000000f7f80000, 0x0000000100000000)
  eden space 25600K, 99% used [0x00000000f5580000,0x00000000f6e7fff0,0x00000000f6e80000)
  from space 8192K, 0% used [0x00000000f7680000,0x00000000f7680000,0x00000000f7e80000)
  to   space 8192K, 0% used [0x00000000f6e80000,0x00000000f6e80000,0x00000000f7680000)
 ParOldGen       total 349696K, used 349695K [0x00000000e0000000, 0x00000000f5580000, 0x00000000f5580000)
  object space 349696K, 99% used [0x00000000e0000000,0x00000000f557fda0,0x00000000f5580000)
 Metaspace       used 48852K, committed 49600K, reserved 1097728K
  class space    used 4754K, committed 5056K, reserved 1048576K
}

